Name                                           Stmts   Miss  Cover
------------------------------------------------------------------
collection/__init__.py                             0      0   100%
collection/plugins/__init__.py                     0      0   100%
collection/plugins/action/__init__.py              0      0   100%
collection/plugins/action/overview.py              9      0   100%
collection/plugins/filter/__init__.py              0      0   100%
collection/plugins/filter/basename.py             14      0   100%
collection/plugins/filter/encommon.py              2      0   100%
collection/plugins/filter/present.py              12      7    42%
collection/plugins/test/__init__.py                0      0   100%
collection/plugins/test/present.py                12      7    42%
collection/tests/__init__.py                       0      0   100%
collection/tests/integration/__init__.py           2      0   100%
collection/tests/integration/test_default.py      15      0   100%
collection/tests/unit/__init__.py                  0      0   100%
collection/tests/unit/test_basename.py            20      0   100%
------------------------------------------------------------------
TOTAL                                             86     14    84%
