>>> make pytest
  ● Executing pytest in collection..
============================= test session starts ==============================
platform linux -- Python 3.12.14, pytest-9.1.1, pluggy-1.6.0 -- /home/runner/work/ansible-utility/ansible-utility/main/.venv-package/bin/python3
cachedir: .pytest_cache
Using --randomly-seed=3980716050
ansible: 2.21.3
rootdir: /home/runner/work/ansible-utility/ansible-utility/main
configfile: setup.cfg
plugins: mypy-1.0.1, clarity-1.0.1, cov-7.1.0, ansible-26.8.0, randomly-5.0.0, sphinx-0.7.1, xdist-3.8.0
created: 4/4 workers
4 workers [3 items]

scheduling tests via LoadScheduling

collection/tests/unit/test_basename.py::test_basename_raises 
collection/tests/unit/test_basename.py::test_basename 
collection/tests/integration/test_default.py::test_default[collection-overview] 
[gw1] [ 33%] PASSED collection/tests/unit/test_basename.py::test_basename_raises 
[gw0] [ 66%] PASSED collection/tests/unit/test_basename.py::test_basename 
[gw2] [100%] PASSED collection/tests/integration/test_default.py::test_default[collection-overview] 

=============================== warnings summary ===============================
.venv-package/lib/python3.12/site-packages/pytest_ansible/plugin.py:432
.venv-package/lib/python3.12/site-packages/pytest_ansible/plugin.py:432
.venv-package/lib/python3.12/site-packages/pytest_ansible/plugin.py:432
.venv-package/lib/python3.12/site-packages/pytest_ansible/plugin.py:432
  /home/runner/work/ansible-utility/ansible-utility/main/.venv-package/lib/python3.12/site-packages/pytest_ansible/plugin.py:432: DeprecationWarning: Running Molecule scenarios via pytest-ansible is deprecated and will be removed in a future release. Use the Molecule CLI instead (`molecule test --all`, optionally with `--workers` when using shared_state). For collections, prefer tox-ansible's molecule test type. See the pytest-ansible documentation for migration details.
    warn_molecule_deprecated()

-- Docs: https://docs.pytest.org/en/stable/how-to/capture-warnings.html
================================ tests coverage ================================
_______________ coverage: platform linux, python 3.12.14-final-0 _______________

Name                                           Stmts   Miss  Cover
------------------------------------------------------------------
collection/__init__.py                             0      0   100%
collection/plugins/__init__.py                     0      0   100%
collection/plugins/action/__init__.py              0      0   100%
collection/plugins/action/overview.py              9      0   100%
collection/plugins/filter/__init__.py              0      0   100%
collection/plugins/filter/basename.py             14      0   100%
collection/plugins/filter/encommon.py              2      0   100%
collection/plugins/filter/present.py              12      7    42%
collection/plugins/test/__init__.py                0      0   100%
collection/plugins/test/present.py                12      7    42%
collection/tests/__init__.py                       0      0   100%
collection/tests/integration/__init__.py           2      0   100%
collection/tests/integration/test_default.py      15      0   100%
collection/tests/unit/__init__.py                  0      0   100%
collection/tests/unit/test_basename.py            20      0   100%
------------------------------------------------------------------
TOTAL                                             86     14    84%
======================== 3 passed, 4 warnings in 48.97s ========================
    DONE
  ● Write coveragepy output to htmlcov..
    DONE
  ● Write coveragepy output to coverage.json..
    DONE
