>>> make pytest
  ● Executing pytest in collection..
============================= test session starts ==============================
platform linux -- Python 3.12.12, pytest-9.0.2, pluggy-1.6.0 -- /home/runner/work/ansible-utility/ansible-utility/main/.venv-package/bin/python3
cachedir: .pytest_cache
Using --randomly-seed=3529100149
ansible: 2.20.3
rootdir: /home/runner/work/ansible-utility/ansible-utility/main
configfile: setup.cfg
plugins: ansible-26.1.0, randomly-4.0.1, plus-0.8.1, sugar-1.1.1, cov-7.0.0, clarity-1.0.1, xdist-3.8.0, sphinx-0.7.1, mypy-1.0.1
created: 4/4 workers
4 workers [3 items]

scheduling tests via LoadScheduling

collection/tests/unit/test_basename.py::test_basename_raises 
collection/tests/integration/test_default.py::test_default[collection-overview] 
collection/tests/unit/test_basename.py::test_basename 
[gw1] [ 33%] PASSED collection/tests/unit/test_basename.py::test_basename 
[gw0] [ 66%] PASSED collection/tests/unit/test_basename.py::test_basename_raises 
[gw2] [100%] PASSED collection/tests/integration/test_default.py::test_default[collection-overview] 

================================ tests coverage ================================
_______________ coverage: platform linux, python 3.12.12-final-0 _______________

Name                                           Stmts   Miss  Cover
------------------------------------------------------------------
collection/__init__.py                             0      0   100%
collection/plugins/__init__.py                     0      0   100%
collection/plugins/action/__init__.py              0      0   100%
collection/plugins/action/overview.py              9      0   100%
collection/plugins/filter/__init__.py              0      0   100%
collection/plugins/filter/basename.py             14      0   100%
collection/plugins/filter/encommon.py              2      0   100%
collection/plugins/filter/present.py              12      7    42%
collection/plugins/test/__init__.py                0      0   100%
collection/plugins/test/present.py                12      7    42%
collection/tests/__init__.py                       0      0   100%
collection/tests/integration/__init__.py           2      0   100%
collection/tests/integration/test_default.py      15      0   100%
collection/tests/unit/__init__.py                  0      0   100%
collection/tests/unit/test_basename.py            20      0   100%
------------------------------------------------------------------
TOTAL                                             86     14    84%
============================== 3 passed in 39.08s ==============================
    DONE
  ● Write coveragepy output to htmlcov..
    DONE
  ● Write coveragepy output to coverage.json..
    DONE
